Arguments: 
  /usr/local/bin/node /usr/local/Cellar/yarn/1.3.2/libexec/bin/yarn.js build

PATH: 
  /anaconda3/bin:/Library/Frameworks/Python.framework/Versions/3.6/bin:/anaconda2/bin:/opt/local/bin:/opt/local/sbin:/usr/local/bin:/usr/bin:/bin:/usr/sbin:/sbin:/Users/cfeochari/Downloads/phantomjs/bin:/Library/TeX/texbin:/opt/X11/bin:/anaconda3/bin:/Library/Frameworks/Python.framework/Versions/3.6/bin:/anaconda2/bin:/opt/local/bin:/opt/local/sbin:/usr/local/mysql/bin/:/Users/cfeochari/Documents/flutterz/flutter/bin:/Users/cfeochari/Library/Android/sdk/platform-tools:/Users/cfeochari/Library/Android/sdk/tools:/usr/local/mysql/bin/:/Users/cfeochari/Documents/flutterz/flutter/bin:/Users/cfeochari/Library/Android/sdk/platform-tools:/Users/cfeochari/Library/Android/sdk/tools

Yarn version: 
  1.3.2

Node version: 
  17.4.0

Platform: 
  darwin x64

npm manifest: 
  {
    "name": "navbar-dropdown-v1",
    "version": "0.1.0",
    "private": true,
    "dependencies": {
      "@testing-library/jest-dom": "^4.2.4",
      "@testing-library/react": "^9.3.2",
      "@testing-library/user-event": "^7.1.2",
      "bootstrap": "^5.1.3",
      "react": "^16.13.1",
      "react-bootstrap": "^2.1.2",
      "react-bootstrap-navbar": "^1.1.0",
      "react-dom": "^16.13.1",
      "react-geo-maps": "^0.1.1",
      "react-router-bootstrap": "^0.26.0",
      "react-router-dom": "^5.3.0",
      "react-scripts": "3.4.1"
    },
    "scripts": {
      "start": "export SET NODE_OPTIONS=--openssl-legacy-provider && react-scripts start",
      "build": "export SET NODE_OPTIONS=--openssl-legacy-provider && react-scripts build"
      "test": "react-scripts test",
      "eject": "react-scripts eject"
    },
    "eslintConfig": {
      "extends": "react-app"
    },
    "browserslist": {
      "production": [
        ">0.2%",
        "not dead",
        "not op_mini all"
      ],
      "development": [
        "last 1 chrome version",
        "last 1 firefox version",
        "last 1 safari version"
      ]
    }
  }

yarn manifest: 
  No manifest

Lockfile: 
  No lockfile

Trace: 
  SyntaxError: /Users/cfeochari/Documents/Soumaya-New-Website/package.json: Unexpected string in JSON at position 714
      at JSON.parse (<anonymous>)
      at /usr/local/Cellar/yarn/1.3.2/libexec/lib/cli.js:770:59
      at Generator.next (<anonymous>)
      at step (/usr/local/Cellar/yarn/1.3.2/libexec/lib/cli.js:92:30)
      at /usr/local/Cellar/yarn/1.3.2/libexec/lib/cli.js:103:13
